<?xml version="1.0" encoding="UTF-8"?>
<testsuite xmlns:xsi="http://www.w3.org/2001/XMLSchema-instance" xsi:noNamespaceSchemaLocation="https://maven.apache.org/surefire/maven-surefire-plugin/xsd/surefire-test-report.xsd" name="org.example.reservation.service.impl.ReservationServiceImplTest" time="0.159" tests="3" errors="0" skipped="0" failures="0">
  <properties>
[...]
</properties>
  <testcase name="getAvailableReservationTest" classname="org.example.reservation.service.impl.ReservationServiceImplTest" time="0.009"/>
  <testcase name="saveReservationTest" classname="org.example.reservation.service.impl.ReservationServiceImplTest" time="0.012"/>
  <testcase name="getReservedRoomsTest" classname="org.example.reservation.service.impl.ReservationServiceImplTest" time="0.009"/>
</testsuite>